<?xml version="1.0" encoding="UTF-8"?>
<testsuite xmlns:xsi="http://www.w3.org/2001/XMLSchema-instance" xsi:noNamespaceSchemaLocation="https://maven.apache.org/surefire/maven-surefire-plugin/xsd/surefire-test-report-3.0.xsd" version="3.0" name="Testrunner.Testrun" time="13.323" tests="1" errors="0" skipped="0" failures="0">
  <properties>
[...]
</properties>
  <testcase name="Verify User is able to login with correct credentials" classname="Login" time="12.046">
    <system-out><![CDATA[
@regression
Scenario: Verify User is able to login with correct credentials             # Feature/login.feature:21
  Given user Launch Chrome Browser                                          # StepDefination.Stepdef.user_launch_chrome_browser()
  When User opens url "https://www.saucedemo.com/"                          # StepDefination.Stepdef.user_opens_url(java.lang.String)
True
  And User enter UserName as "standard_user" and Password as "secret_sauce" # StepDefination.Stepdef.user_enter_email_as_and_password_as(java.lang.String,java.lang.String)
  And Click on Login                                                        # StepDefination.Stepdef.click_on_login()
  Then Page Title should be "Swag Labs"                                     # StepDefination.Stepdef.page_title_should_be(java.lang.String)
  And Close the Browser                                                     # StepD]]></system-out>
    <system-err><![CDATA[Oct 26, 2024 4:05:24 AM org.openqa.selenium.devtools.CdpVersionFinder findNearestMatch
WARNING: Unable to find an exact match for CDP version 130, returning the closest version; found: 129; Please update to a Selenium version that supports CDP version 130
]]></system-err>
  </testcase>
</testsuite>